c:\users\zpils\downloads\defend_your_tuition-93bf7b5\defend_your_tuition-93bf7b5\defendyourtuition\build-debug\vc120.pdb
c:\users\zpils\downloads\defend_your_tuition-93bf7b5\defend_your_tuition-93bf7b5\defendyourtuition\build-debug\vc120.idb
c:\users\zpils\downloads\defend_your_tuition-93bf7b5\defend_your_tuition-93bf7b5\defendyourtuition\build-debug\avatar.obj
c:\users\zpils\downloads\defend_your_tuition-93bf7b5\defend_your_tuition-93bf7b5\defendyourtuition\build-debug\camera.obj
c:\users\zpils\downloads\defend_your_tuition-93bf7b5\defend_your_tuition-93bf7b5\defendyourtuition\build-debug\gameobject.obj
c:\users\zpils\downloads\defend_your_tuition-93bf7b5\defend_your_tuition-93bf7b5\defendyourtuition\build-debug\gameobjectmanager.obj
c:\users\zpils\downloads\defend_your_tuition-93bf7b5\defend_your_tuition-93bf7b5\defendyourtuition\build-debug\keyboardmanager.obj
c:\users\zpils\downloads\defend_your_tuition-93bf7b5\defend_your_tuition-93bf7b5\defendyourtuition\build-debug\main.obj
c:\users\zpils\downloads\defend_your_tuition-93bf7b5\defend_your_tuition-93bf7b5\defendyourtuition\build-debug\model.obj
c:\users\zpils\downloads\defend_your_tuition-93bf7b5\defend_your_tuition-93bf7b5\defendyourtuition\build-debug\objectloader.obj
c:\users\zpils\downloads\defend_your_tuition-93bf7b5\defend_your_tuition-93bf7b5\defendyourtuition\build-debug\renderer.obj
c:\users\zpils\downloads\defend_your_tuition-93bf7b5\defend_your_tuition-93bf7b5\defendyourtuition\build-debug\scene.obj
c:\users\zpils\downloads\defend_your_tuition-93bf7b5\defend_your_tuition-93bf7b5\defendyourtuition\build-debug\shaderhelper.obj
c:\users\zpils\downloads\defend_your_tuition-93bf7b5\defend_your_tuition-93bf7b5\defendyourtuition\debug\defendyourtuition.pdb
c:\users\zpils\downloads\defend_your_tuition-93bf7b5\defend_your_tuition-93bf7b5\defendyourtuition\build-debug\defendyo.da06ade2.tlog\cl.command.1.tlog
c:\users\zpils\downloads\defend_your_tuition-93bf7b5\defend_your_tuition-93bf7b5\defendyourtuition\build-debug\defendyo.da06ade2.tlog\cl.read.1.tlog
c:\users\zpils\downloads\defend_your_tuition-93bf7b5\defend_your_tuition-93bf7b5\defendyourtuition\build-debug\defendyo.da06ade2.tlog\cl.write.1.tlog
c:\users\zpils\downloads\defend_your_tuition-93bf7b5\defend_your_tuition-93bf7b5\defendyourtuition\build-debug\defendyo.da06ade2.tlog\link-cvtres.read.1.tlog
c:\users\zpils\downloads\defend_your_tuition-93bf7b5\defend_your_tuition-93bf7b5\defendyourtuition\build-debug\defendyo.da06ade2.tlog\link-cvtres.write.1.tlog
c:\users\zpils\downloads\defend_your_tuition-93bf7b5\defend_your_tuition-93bf7b5\defendyourtuition\build-debug\defendyo.da06ade2.tlog\link-rc.read.1.tlog
c:\users\zpils\downloads\defend_your_tuition-93bf7b5\defend_your_tuition-93bf7b5\defendyourtuition\build-debug\defendyo.da06ade2.tlog\link-rc.write.1.tlog
c:\users\zpils\downloads\defend_your_tuition-93bf7b5\defend_your_tuition-93bf7b5\defendyourtuition\build-debug\defendyo.da06ade2.tlog\link.command.1.tlog
c:\users\zpils\downloads\defend_your_tuition-93bf7b5\defend_your_tuition-93bf7b5\defendyourtuition\build-debug\defendyo.da06ade2.tlog\link.read.1.tlog
c:\users\zpils\downloads\defend_your_tuition-93bf7b5\defend_your_tuition-93bf7b5\defendyourtuition\build-debug\defendyo.da06ade2.tlog\link.write.1.tlog
